{
  "RSpec": {
    "coverage": {
      "/Users/ericchon/turing/2mod/projects/game_wiki/config/environment.rb": {
        "lines": [
          null,
          1,
          null,
          null,
          1
        ]
      },
      "/Users/ericchon/turing/2mod/projects/game_wiki/config/application.rb": {
        "lines": [
          1,
          null,
          1,
          null,
          1,
          1,
          1,
          1,
          1,
          1,
          1,
          1,
          1,
          null,
          null,
          null,
          null,
          1,
          null,
          1,
          1,
          null,
          1,
          null,
          null,
          null,
          null,
          null,
          null,
          null,
          1,
          null,
          null
        ]
      },
      "/Users/ericchon/turing/2mod/projects/game_wiki/config/boot.rb": {
        "lines": [
          1,
          null,
          1,
          1
        ]
      },
      "/Users/ericchon/turing/2mod/projects/game_wiki/config/environments/test.rb": {
        "lines": [
          1,
          null,
          null,
          null,
          null,
          null,
          null,
          1,
          null,
          null,
          null,
          null,
          1,
          null,
          null,
          1,
          1,
          null,
          null,
          null,
          null,
          1,
          1,
          null,
          null,
          1,
          null,
          null,
          1,
          null,
          null,
          1,
          null,
          1,
          null,
          null,
          null,
          null,
          1,
          null,
          null,
          1,
          null,
          null,
          null,
          null
        ]
      },
      "/Users/ericchon/turing/2mod/projects/game_wiki/config/initializers/application_controller_renderer.rb": {
        "lines": [
          null,
          null,
          null,
          null,
          null,
          null,
          null,
          null
        ]
      },
      "/Users/ericchon/turing/2mod/projects/game_wiki/config/initializers/assets.rb": {
        "lines": [
          null,
          null,
          null,
          1,
          null,
          null,
          null,
          null,
          1,
          null,
          null,
          null,
          null,
          null
        ]
      },
      "/Users/ericchon/turing/2mod/projects/game_wiki/config/initializers/backtrace_silencers.rb": {
        "lines": [
          null,
          null,
          null,
          null,
          null,
          null,
          null
        ]
      },
      "/Users/ericchon/turing/2mod/projects/game_wiki/config/initializers/content_security_policy.rb": {
        "lines": [
          null,
          null,
          null,
          null,
          null,
          null,
          null,
          null,
          null,
          null,
          null,
          null,
          null,
          null,
          null,
          null,
          null,
          null,
          null,
          null,
          null,
          null,
          null,
          null,
          null
        ]
      },
      "/Users/ericchon/turing/2mod/projects/game_wiki/config/initializers/cookies_serializer.rb": {
        "lines": [
          null,
          null,
          null,
          null,
          1
        ]
      },
      "/Users/ericchon/turing/2mod/projects/game_wiki/config/initializers/filter_parameter_logging.rb": {
        "lines": [
          null,
          null,
          null,
          1
        ]
      },
      "/Users/ericchon/turing/2mod/projects/game_wiki/config/initializers/inflections.rb": {
        "lines": [
          null,
          null,
          null,
          null,
          null,
          null,
          null,
          null,
          null,
          null,
          null,
          null,
          null,
          null,
          null,
          null
        ]
      },
      "/Users/ericchon/turing/2mod/projects/game_wiki/config/initializers/mime_types.rb": {
        "lines": [
          null,
          null,
          null,
          null
        ]
      },
      "/Users/ericchon/turing/2mod/projects/game_wiki/config/initializers/wrap_parameters.rb": {
        "lines": [
          null,
          null,
          null,
          null,
          null,
          null,
          1,
          2,
          null,
          null,
          null,
          null,
          null,
          null
        ]
      },
      "/Users/ericchon/turing/2mod/projects/game_wiki/config/routes.rb": {
        "lines": [
          1,
          null,
          1,
          1,
          1,
          1,
          1,
          1,
          1,
          1,
          null
        ]
      },
      "/Users/ericchon/turing/2mod/projects/game_wiki/app/helpers/application_helper.rb": {
        "lines": [
          1,
          null
        ]
      },
      "/Users/ericchon/turing/2mod/projects/game_wiki/spec/features/monsters/index_spec.rb": {
        "lines": [
          1,
          null,
          1,
          1,
          1,
          1,
          1,
          null,
          1,
          1,
          1,
          1,
          1,
          1,
          null,
          null,
          1,
          1,
          1,
          null,
          1,
          1,
          1,
          1,
          1,
          1,
          1,
          null,
          null,
          null
        ]
      },
      "/Users/ericchon/turing/2mod/projects/game_wiki/spec/features/roles/index_spec.rb": {
        "lines": [
          1,
          null,
          1,
          1,
          3,
          3,
          3,
          null,
          null,
          1,
          1,
          null,
          null,
          1,
          1,
          1,
          null,
          null,
          1,
          1,
          1,
          1,
          1,
          null,
          null
        ]
      },
      "/Users/ericchon/turing/2mod/projects/game_wiki/spec/features/roles/show_spec.rb": {
        "lines": [
          1,
          null,
          1,
          1,
          4,
          4,
          4,
          null,
          null,
          1,
          1,
          null,
          null,
          1,
          1,
          1,
          null,
          null,
          1,
          1,
          1,
          1,
          null,
          null,
          1,
          1,
          1,
          null,
          null
        ]
      },
      "/Users/ericchon/turing/2mod/projects/game_wiki/spec/features/roles_spec.rb": {
        "lines": [
          1,
          null,
          1,
          1,
          1,
          3,
          3,
          3,
          null,
          null,
          1,
          1,
          null,
          null,
          1,
          1,
          1,
          null,
          null,
          1,
          1,
          1,
          1,
          1,
          null,
          null,
          1,
          0,
          null,
          null,
          null,
          null
        ]
      },
      "/Users/ericchon/turing/2mod/projects/game_wiki/spec/features/weapons/index_spec.rb": {
        "lines": [
          1,
          null,
          1,
          1,
          3,
          3,
          3,
          null,
          3,
          3,
          3,
          3,
          3,
          3,
          null,
          null,
          1,
          1,
          null,
          null,
          1,
          1,
          1,
          null,
          null,
          1,
          1,
          1,
          1,
          1,
          1,
          1,
          1,
          null,
          null
        ]
      },
      "/Users/ericchon/turing/2mod/projects/game_wiki/spec/features/weapons/show_spec.rb": {
        "lines": [
          1,
          null,
          1,
          1,
          4,
          4,
          4,
          null,
          4,
          4,
          4,
          4,
          4,
          4,
          null,
          null,
          1,
          1,
          null,
          null,
          1,
          1,
          1,
          null,
          null,
          1,
          1,
          1,
          1,
          1,
          null,
          null,
          1,
          1,
          1,
          null,
          null
        ]
      },
      "/Users/ericchon/turing/2mod/projects/game_wiki/spec/models/level_spec.rb": {
        "lines": [
          1,
          null,
          1,
          2,
          null,
          1,
          null,
          null,
          null,
          null,
          null,
          null,
          null
        ]
      },
      "/Users/ericchon/turing/2mod/projects/game_wiki/app/models/level.rb": {
        "lines": [
          1,
          1,
          null
        ]
      },
      "/Users/ericchon/turing/2mod/projects/game_wiki/app/models/application_record.rb": {
        "lines": [
          1,
          1,
          null
        ]
      },
      "/Users/ericchon/turing/2mod/projects/game_wiki/spec/models/monster_spec.rb": {
        "lines": [
          1,
          null,
          1,
          2,
          null,
          1,
          null,
          null,
          null
        ]
      },
      "/Users/ericchon/turing/2mod/projects/game_wiki/app/models/monster.rb": {
        "lines": [
          1,
          1,
          null
        ]
      },
      "/Users/ericchon/turing/2mod/projects/game_wiki/spec/models/role_spec.rb": {
        "lines": [
          1,
          null,
          1,
          2,
          null,
          1,
          null,
          null,
          null,
          null
        ]
      },
      "/Users/ericchon/turing/2mod/projects/game_wiki/app/models/role.rb": {
        "lines": [
          1,
          1,
          null
        ]
      },
      "/Users/ericchon/turing/2mod/projects/game_wiki/spec/models/weapon_spec.rb": {
        "lines": [
          1,
          null,
          1,
          2,
          null,
          1,
          null,
          null,
          null
        ]
      },
      "/Users/ericchon/turing/2mod/projects/game_wiki/app/models/weapon.rb": {
        "lines": [
          1,
          1,
          null
        ]
      },
      "/Users/ericchon/turing/2mod/projects/game_wiki/app/controllers/levels_controller.rb": {
        "lines": [
          1,
          1,
          1,
          null,
          null,
          1,
          0,
          null,
          null
        ]
      },
      "/Users/ericchon/turing/2mod/projects/game_wiki/app/controllers/application_controller.rb": {
        "lines": [
          1,
          null
        ]
      },
      "/Users/ericchon/turing/2mod/projects/game_wiki/app/controllers/monsters_controller.rb": {
        "lines": [
          1,
          1,
          1,
          null,
          null,
          1,
          0,
          null,
          null
        ]
      },
      "/Users/ericchon/turing/2mod/projects/game_wiki/app/controllers/roles_controller.rb": {
        "lines": [
          1,
          1,
          6,
          null,
          null,
          1,
          4,
          null,
          null
        ]
      },
      "/Users/ericchon/turing/2mod/projects/game_wiki/app/controllers/weapons_controller.rb": {
        "lines": [
          1,
          1,
          3,
          null,
          null,
          1,
          4,
          null,
          null
        ]
      }
    },
    "timestamp": 1638485002
  }
}
